<?xml version="1.0" encoding="UTF-8"?>
<!-- Generated by org.testng.reporters.JUnitReportReporter -->
<testsuite hostname="Vinaymalkhed" failures="0" tests="1" name="testCases.AccountRegistrationTest" time="7.281" errors="0" timestamp="2023-06-23T19:41:02 IST" skipped="0">
  <testcase classname="testCases.AccountRegistrationTest" name="testAccount" time="7.281"/>
  <system-out/>
</testsuite> <!-- testCases.AccountRegistrationTest -->
