<?xml version="1.0" encoding="UTF-8"?>
<!-- Generated by org.testng.reporters.JUnitReportReporter -->
<testsuite hostname="Vinaymalkhed" failures="0" tests="1" name="testCases.TC_002_Loginpagetest" time="0.909" errors="0" timestamp="2023-06-23T19:43:06 IST" skipped="0">
  <testcase classname="testCases.TC_002_Loginpagetest" name="test_Login" time="0.909"/>
  <system-out/>
</testsuite> <!-- testCases.TC_002_Loginpagetest -->
